#
# A fatal error has been detected by the Java Runtime Environment:
#
#  EXCEPTION_ACCESS_VIOLATION (0xc0000005) at pc=0x00007ffef9a7dca9, pid=18668, tid=15464
#
# JRE version: OpenJDK Runtime Environment Temurin-17.0.4+8 (17.0.4+8) (build 17.0.4+8)
# Java VM: OpenJDK 64-Bit Server VM Temurin-17.0.4+8 (17.0.4+8, mixed mode, tiered, compressed oops, compressed class ptrs, g1 gc, windows-amd64)
# Problematic frame:
# V  [jvm.dll+0x23dca9]
#
# No core dump will be written. Minidumps are not enabled by default on client versions of Windows
#
# If you would like to submit a bug report, please visit:
#   https://github.com/adoptium/adoptium-support/issues
#

---------------  S U M M A R Y ------------

Command Line: -XX:+ShowCodeDetailsInExceptionMessages -agentlib:jdwp=transport=dt_socket,suspend=y,address=localhost:49929 -ea -Denvironment=Dev -Dplatform=Local -Dmodule=Web -Dfile.encoding=UTF-8 org.testng.remote.RemoteTestNG -serport 49928 -protocol json -d D:\User management SSO\UserManagement_SSO\test-output D:\User management SSO\UserManagement_SSO\src\test\resources\suites\Web.xml

Host: Intel(R) Core(TM) i5-4300M CPU @ 2.60GHz, 4 cores, 7G,  Windows 10 , 64 bit Build 19041 (10.0.19041.1889)
Time: Fri Sep  9 15:31:43 2022 India Standard Time elapsed time: 671.535218 seconds (0d 0h 11m 11s)

---------------  T H R E A D  ---------------

Current thread (0x00000194ffd96f80):  VMThread "VM Thread" [stack: 0x000000477f700000,0x000000477f800000] [id=15464]

Stack: [0x000000477f700000,0x000000477f800000],  sp=0x000000477f7ff190,  free space=1020k
Native frames: (J=compiled Java code, j=interpreted, Vv=VM code, C=native code)
V  [jvm.dll+0x23dca9]
V  [jvm.dll+0x62c733]
V  [jvm.dll+0x62d0f1]
V  [jvm.dll+0x52a84d]
V  [jvm.dll+0x52e478]
V  [jvm.dll+0x52c26b]
V  [jvm.dll+0x83867b]
V  [jvm.dll+0x8393b4]
V  [jvm.dll+0x8398cc]
V  [jvm.dll+0x839ca4]
V  [jvm.dll+0x839d70]
V  [jvm.dll+0x7e245a]
V  [jvm.dll+0x6761c5]
C  [ucrtbase.dll+0x21bb2]
C  [KERNEL32.DLL+0x17034]
C  [ntdll.dll+0x52651]


siginfo: EXCEPTION_ACCESS_VIOLATION (0xc0000005), reading address 0x000001949822bbb8


Register to memory mapping:

RIP=0x00007ffef9a7dca9 jvm.dll
RAX=0x0000000000200000 is an unknown value
RBX=0x000001949802ad30 is pointing into metadata
RCX=0x000001949802bbb8 is pointing into metadata
RDX=0x000000000000ffff is an unknown value
RSP=0x000000477f7ff190 points into unknown readable memory: 0x0000019480b6c990 | 90 c9 b6 80 94 01 00 00
RBP=0x000001949802ad30 is pointing into metadata
RSI=0x000000000000ffff is an unknown value
RDI=0x000000000000ffff is an unknown value
R8 ={method} {0x000001949802b2f8} 'deleteDepartment' '()V' in 'test/web/Department'
R9 =0x000000477f7ff270 points into unknown readable memory: 0x000001949802b2f0 | f0 b2 02 98 94 01 00 00
R10=0x00000194ffdc6650 points into unknown readable memory: 0x0000001e00000002 | 02 00 00 00 1e 00 00 00
R11={method} {0x000001949802b2f8} 'deleteDepartment' '()V' in 'test/web/Department'
R12=0x0000019495f038a8 is pointing into metadata
R13=0x00007ffef9840000 jvm.dll
R14=0x000000477f7ff2a0 points into unknown readable memory: 0x0000019495f01138 | 38 11 f0 95 94 01 00 00
R15=0x000001949802ad30 is pointing into metadata


Registers:
RAX=0x0000000000200000, RBX=0x000001949802ad30, RCX=0x000001949802bbb8, RDX=0x000000000000ffff
RSP=0x000000477f7ff190, RBP=0x000001949802ad30, RSI=0x000000000000ffff, RDI=0x000000000000ffff
R8 =0x000001949802b2f0, R9 =0x000000477f7ff270, R10=0x00000194ffdc6650, R11=0x000001949802b2f0
R12=0x0000019495f038a8, R13=0x00007ffef9840000, R14=0x000000477f7ff2a0, R15=0x000001949802ad30
RIP=0x00007ffef9a7dca9, EFLAGS=0x0000000000010206

Top of Stack: (sp=0x000000477f7ff190)
0x000000477f7ff190:   0000019480b6c990 00000194ffd5f3c0
0x000000477f7ff1a0:   00000194ffd5f7a8 00000194ffd5f3d0
0x000000477f7ff1b0:   0000000000000005 00007ffef9e6c733
0x000000477f7ff1c0:   00000000000000b4 00007ffef9b8ad24
0x000000477f7ff1d0:   000000477f7ff270 0000000000000001
0x000000477f7ff1e0:   0000000000000000 000000477f7ff2a0
0x000000477f7ff1f0:   000000477f7ff270 00007ffef99668ae
0x000000477f7ff200:   000001949802b2f0 0000000000000218
0x000000477f7ff210:   000001949802ad30 000001949802b2bc
0x000000477f7ff220:   00000000000000b4 00007ffef9e6d0f1
0x000000477f7ff230:   00000000000000b4 000000477f7ff2a9
0x000000477f7ff240:   00000000000000b4 000000477f7ff3b9
0x000000477f7ff250:   0000019495f038a8 000001949802ad30
0x000000477f7ff260:   000001949802b2f0 00000194ffd96f80
0x000000477f7ff270:   000001949802b2f0 00000194ffd96f80
0x000000477f7ff280:   0000000700000004 000000b40000001b 

Instructions: (pc=0x00007ffef9a7dca9)
0x00007ffef9a7dba9:   cc cc cc cc cc cc cc 48 89 5c 24 10 48 89 74 24
0x00007ffef9a7dbb9:   18 57 48 83 ec 30 48 63 da 49 8b f0 48 8b f9 85
0x00007ffef9a7dbc9:   d2 79 24 4c 8d 0d c5 41 70 00 ba b4 02 00 00 4c
0x00007ffef9a7dbd9:   8d 05 f1 41 70 00 48 8d 0d 6a 41 70 00 e8 b5 78
0x00007ffef9a7dbe9:   00 00 e8 c0 92 43 00 48 8b 4f 10 48 85 c9 74 0f
0x00007ffef9a7dbf9:   48 8d 43 01 48 c1 e0 05 48 8b 04 08 0f b7 d8 48
0x00007ffef9a7dc09:   63 c3 48 8d 54 24 40 48 89 7c 24 20 48 89 74 24
0x00007ffef9a7dc19:   28 48 8b 8e 40 02 00 00 8b 5c c7 48 48 89 7c 24
0x00007ffef9a7dc29:   40 e8 e1 cd dc ff 0f b7 d3 48 8d 4c 24 20 4c 8b
0x00007ffef9a7dc39:   c6 e8 f1 fb ff ff 48 8d 4c 24 20 48 8b d8 e8 64
0x00007ffef9a7dc49:   d1 10 00 48 8b 74 24 50 48 8b c3 48 8b 5c 24 48
0x00007ffef9a7dc59:   48 83 c4 30 5f c3 cc 48 89 5c 24 08 57 48 83 ec
0x00007ffef9a7dc69:   20 48 63 fa 48 8b d9 85 d2 79 24 4c 8d 0d 1d 41
0x00007ffef9a7dc79:   70 00 ba b4 02 00 00 4c 8d 05 49 41 70 00 48 8d
0x00007ffef9a7dc89:   0d c2 40 70 00 e8 0d 78 00 00 e8 18 92 43 00 48
0x00007ffef9a7dc99:   8b 4b 10 48 85 c9 74 0f 48 8d 47 01 48 c1 e0 05
0x00007ffef9a7dca9:   48 8b 04 08 0f b7 f8 48 63 c7 0f b7 4c c3 48 0f
0x00007ffef9a7dcb9:   b7 44 cb 4a 48 8b 44 c3 48 48 8b 5c 24 30 48 83
0x00007ffef9a7dcc9:   c4 20 5f c3 cc cc cc 4c 8b 41 20 4d 8b 00 e9 64
0x00007ffef9a7dcd9:   02 00 00 cc cc cc cc 48 8b 49 20 48 8b 09 e9 24
0x00007ffef9a7dce9:   59 00 00 cc cc cc cc 48 89 5c 24 18 56 57 41 56
0x00007ffef9a7dcf9:   48 83 ec 20 48 83 3d bb a6 91 00 00 4c 8b f2 48
0x00007ffef9a7dd09:   8b f9 74 0f 48 8b d1 48 8d 0d 11 40 70 00 e8 24
0x00007ffef9a7dd19:   91 e6 ff 45 33 c0 41 8d 50 17 8d 4a 11 e8 c5 85
0x00007ffef9a7dd29:   e6 ff 33 db 48 85 c0 74 22 48 8d 4f 08 89 58 08
0x00007ffef9a7dd39:   48 89 48 20 48 8d 0d dc 39 6d 00 48 89 08 88 58
0x00007ffef9a7dd49:   0c 48 89 58 10 48 89 58 18 eb 03 48 8b c3 48 8b
0x00007ffef9a7dd59:   d0 49 8b ce e8 4e 11 3e 00 45 33 c0 41 8d 50 17
0x00007ffef9a7dd69:   8d 4a 11 e8 7f 85 e6 ff 48 85 c0 74 27 48 8d 0d
0x00007ffef9a7dd79:   e3 44 70 00 c7 40 08 02 00 00 00 48 89 08 48 8d
0x00007ffef9a7dd89:   4f 10 48 89 48 20 c6 40 0c 00 48 89 58 10 48 89
0x00007ffef9a7dd99:   58 18 eb 03 48 8b c3 48 8b d0 49 8b ce e8 05 11 


Stack slot to memory mapping:
stack at sp + 0 slots: 0x0000019480b6c990 is at entry_point+-1008 in (nmethod*)0x0000019480b6c990
stack at sp + 1 slots: 0x00000194ffd5f3c0 points into unknown readable memory: 0x0000000000000000 | 00 00 00 00 00 00 00 00
stack at sp + 2 slots: 0x00000194ffd5f7a8 points into unknown readable memory: 0x1017742d229adca1 | a1 dc 9a 22 2d 74 17 10
stack at sp + 3 slots: 0x00000194ffd5f3d0 points into unknown readable memory: 0x0000019495f03f60 | 60 3f f0 95 94 01 00 00
stack at sp + 4 slots: 0x0000000000000005 is an unknown value
stack at sp + 5 slots: 0x00007ffef9e6c733 jvm.dll
stack at sp + 6 slots: 0x00000000000000b4 is an unknown value
stack at sp + 7 slots: 0x00007ffef9b8ad24 jvm.dll

VM_Operation (0x00000047001ff320): RedefineClasses, mode: safepoint, requested by thread 0x00000194939c1880, redefining class test.web.Department



---------------  P R O C E S S  ---------------

Threads class SMR info:
_java_thread_list=0x0000019495383480, length=20, elements={
0x00000194f8eb70b0, 0x00000194938133e0, 0x00000194ffd9b010, 0x00000194ffdee290,
0x00000194ffdb8f50, 0x00000194ffdb9420, 0x000001949381da40, 0x000001949381e240,
0x0000019493820f60, 0x0000019493833a50, 0x00000194939c1880, 0x00000194939e3740,
0x00000194939e3c30, 0x00000194939e93c0, 0x0000019493a009a0, 0x000001949479bf60,
0x0000019494a73a10, 0x0000019494a74d50, 0x0000019494a75bc0, 0x0000019494a76090
}

Java Threads: ( => current thread )
  0x00000194f8eb70b0 JavaThread "main" [_thread_blocked, id=14688, stack(0x000000477f100000,0x000000477f200000)]
  0x00000194938133e0 JavaThread "Reference Handler" daemon [_thread_blocked, id=6972, stack(0x000000477f800000,0x000000477f900000)]
  0x00000194ffd9b010 JavaThread "Finalizer" daemon [_thread_blocked, id=620, stack(0x000000477f900000,0x000000477fa00000)]
  0x00000194ffdee290 JavaThread "Signal Dispatcher" daemon [_thread_blocked, id=8464, stack(0x000000477fa00000,0x000000477fb00000)]
  0x00000194ffdb8f50 JavaThread "Attach Listener" daemon [_thread_blocked, id=4804, stack(0x000000477fb00000,0x000000477fc00000)]
  0x00000194ffdb9420 JavaThread "Service Thread" daemon [_thread_blocked, id=9108, stack(0x000000477fc00000,0x000000477fd00000)]
  0x000001949381da40 JavaThread "Monitor Deflation Thread" daemon [_thread_blocked, id=18740, stack(0x000000477fd00000,0x000000477fe00000)]
  0x000001949381e240 JavaThread "C2 CompilerThread0" daemon [_thread_blocked, id=12056, stack(0x000000477fe00000,0x000000477ff00000)]
  0x0000019493820f60 JavaThread "C1 CompilerThread0" daemon [_thread_blocked, id=8248, stack(0x000000477ff00000,0x0000004780000000)]
  0x0000019493833a50 JavaThread "Sweeper thread" daemon [_thread_blocked, id=956, stack(0x0000004700000000,0x0000004700100000)]
  0x00000194939c1880 JavaThread "JDWP Transport Listener: dt_socket" daemon [_thread_blocked, id=14392, stack(0x0000004700100000,0x0000004700200000)]
  0x00000194939e3740 JavaThread "JDWP Event Helper Thread" daemon [_thread_blocked, id=6500, stack(0x0000004700200000,0x0000004700300000)]
  0x00000194939e3c30 JavaThread "JDWP Command Reader" daemon [_thread_in_native, id=7028, stack(0x0000004700300000,0x0000004700400000)]
  0x00000194939e93c0 JavaThread "Notification Thread" daemon [_thread_blocked, id=4316, stack(0x0000004700400000,0x0000004700500000)]
  0x0000019493a009a0 JavaThread "Common-Cleaner" daemon [_thread_blocked, id=18588, stack(0x0000004700600000,0x0000004700700000)]
  0x000001949479bf60 JavaThread "ReaderThread" [_thread_in_native, id=9360, stack(0x0000004700900000,0x0000004700a00000)]
  0x0000019494a73a10 JavaThread "Exec Default Executor" daemon [_thread_in_native, id=13456, stack(0x0000004701100000,0x0000004701200000)]
  0x0000019494a74d50 JavaThread "Exec Stream Pumper" daemon [_thread_in_native, id=5076, stack(0x0000004701000000,0x0000004701100000)]
  0x0000019494a75bc0 JavaThread "Exec Stream Pumper" daemon [_thread_in_native, id=10752, stack(0x0000004701300000,0x0000004701400000)]
  0x0000019494a76090 JavaThread "Okio Watchdog" daemon [_thread_blocked, id=5048, stack(0x0000004701700000,0x0000004701800000)]

Other Threads:
=>0x00000194ffd96f80 VMThread "VM Thread" [stack: 0x000000477f700000,0x000000477f800000] [id=15464]
  0x00000194939e9890 WatcherThread [stack: 0x0000004700500000,0x0000004700600000] [id=9652]
  0x00000194f8f0fdd0 GCTaskThread "GC Thread#0" [stack: 0x000000477f200000,0x000000477f300000] [id=9476]
  0x00000194948e2500 GCTaskThread "GC Thread#1" [stack: 0x0000004700700000,0x0000004700800000] [id=18848]
  0x00000194948cb840 GCTaskThread "GC Thread#2" [stack: 0x0000004700a00000,0x0000004700b00000] [id=4668]
  0x00000194948cbaf0 GCTaskThread "GC Thread#3" [stack: 0x0000004700b00000,0x0000004700c00000] [id=5224]
  0x00000194f8f22920 ConcurrentGCThread "G1 Main Marker" [stack: 0x000000477f300000,0x000000477f400000] [id=14728]
  0x00000194f8f24250 ConcurrentGCThread "G1 Conc#0" [stack: 0x000000477f400000,0x000000477f500000] [id=5968]
  0x00000194ffc120b0 ConcurrentGCThread "G1 Refine#0" [stack: 0x000000477f500000,0x000000477f600000] [id=19396]
  0x00000194948d1700 ConcurrentGCThread "G1 Refine#1" [stack: 0x0000004700c00000,0x0000004700d00000] [id=848]
  0x00000194ffc129e0 ConcurrentGCThread "G1 Service" [stack: 0x000000477f600000,0x000000477f700000] [id=12276]

Threads with active compile tasks:

VM state: at safepoint (normal execution)

VM Mutex/Monitor currently owned by a thread:  ([mutex/lock_event])
[0x00000194f8eb2720] Threads_lock - owner thread: 0x00000194ffd96f80

Heap address: 0x0000000081600000, size: 2026 MB, Compressed Oops mode: 32-bit

CDS archive(s) not mapped
Compressed class space mapped at: 0x0000000100000000-0x0000000140000000, reserved size: 1073741824
Narrow klass base: 0x0000000000000000, Narrow klass shift: 3, Narrow klass range: 0x140000000

GC Precious Log:
 CPUs: 4 total, 4 available
 Memory: 8097M
 Large Page Support: Disabled
 NUMA Support: Disabled
 Compressed Oops: Enabled (32-bit)
 Heap Region Size: 1M
 Heap Min Capacity: 8M
 Heap Initial Capacity: 128M
 Heap Max Capacity: 2026M
 Pre-touch: Disabled
 Parallel Workers: 4
 Concurrent Workers: 1
 Concurrent Refinement Workers: 4
 Periodic GC: Disabled

Heap:
 garbage-first heap   total 37888K, used 26087K [0x0000000081600000, 0x0000000100000000)
  region size 1024K, 14 young (14336K), 1 survivors (1024K)
 Metaspace       used 31708K, committed 31936K, reserved 1081344K
  class space    used 3478K, committed 3584K, reserved 1048576K

Heap Regions: E=young(eden), S=young(survivor), O=old, HS=humongous(starts), HC=humongous(continues), CS=collection set, F=free, OA=open archive, CA=closed archive, TAMS=top-at-mark-start (previous, next)
|   0|0x0000000081600000, 0x0000000081700000, 0x0000000081700000|100%|HS|  |TAMS 0x0000000081700000, 0x0000000081600000| Complete 
|   1|0x0000000081700000, 0x0000000081800000, 0x0000000081800000|100%| O|  |TAMS 0x0000000081800000, 0x0000000081700000| Untracked 
|   2|0x0000000081800000, 0x0000000081900000, 0x0000000081900000|100%| O|  |TAMS 0x0000000081900000, 0x0000000081800000| Untracked 
|   3|0x0000000081900000, 0x0000000081a00000, 0x0000000081a00000|100%| O|  |TAMS 0x0000000081a00000, 0x0000000081900000| Untracked 
|   4|0x0000000081a00000, 0x0000000081b00000, 0x0000000081b00000|100%| O|  |TAMS 0x0000000081b00000, 0x0000000081a00000| Untracked 
|   5|0x0000000081b00000, 0x0000000081c00000, 0x0000000081c00000|100%| O|  |TAMS 0x0000000081c00000, 0x0000000081b00000| Untracked 
|   6|0x0000000081c00000, 0x0000000081d00000, 0x0000000081d00000|100%| O|  |TAMS 0x0000000081d00000, 0x0000000081c00000| Untracked 
|   7|0x0000000081d00000, 0x0000000081e00000, 0x0000000081e00000|100%| O|  |TAMS 0x0000000081d00000, 0x0000000081d00000| Untracked 
|   8|0x0000000081e00000, 0x0000000081f00000, 0x0000000081f00000|100%| O|  |TAMS 0x0000000081e00000, 0x0000000081e00000| Untracked 
|   9|0x0000000081f00000, 0x0000000082000000, 0x0000000082000000|100%| O|  |TAMS 0x0000000081f00000, 0x0000000081f00000| Untracked 
|  10|0x0000000082000000, 0x0000000082027600, 0x0000000082100000| 15%| O|  |TAMS 0x0000000082000000, 0x0000000082000000| Untracked 
|  11|0x0000000082100000, 0x0000000082100000, 0x0000000082200000|  0%| F|  |TAMS 0x0000000082100000, 0x0000000082100000| Untracked 
|  12|0x0000000082200000, 0x0000000082200000, 0x0000000082300000|  0%| F|  |TAMS 0x0000000082200000, 0x0000000082200000| Untracked 
|  13|0x0000000082300000, 0x0000000082300000, 0x0000000082400000|  0%| F|  |TAMS 0x0000000082300000, 0x0000000082300000| Untracked 
|  14|0x0000000082400000, 0x0000000082400000, 0x0000000082500000|  0%| F|  |TAMS 0x0000000082400000, 0x0000000082400000| Untracked 
|  15|0x0000000082500000, 0x0000000082600000, 0x0000000082600000|100%| O|  |TAMS 0x0000000082500000, 0x0000000082500000| Untracked 
|  16|0x0000000082600000, 0x0000000082700000, 0x0000000082700000|100%| O|  |TAMS 0x0000000082600000, 0x0000000082600000| Untracked 
|  17|0x0000000082700000, 0x0000000082800000, 0x0000000082800000|100%| O|  |TAMS 0x0000000082700000, 0x0000000082700000| Untracked 
|  18|0x0000000082800000, 0x0000000082900000, 0x0000000082900000|100%| O|  |TAMS 0x0000000082800000, 0x0000000082800000| Untracked 
|  19|0x0000000082900000, 0x0000000082900000, 0x0000000082a00000|  0%| F|  |TAMS 0x0000000082900000, 0x0000000082900000| Untracked 
|  20|0x0000000082a00000, 0x0000000082a00000, 0x0000000082b00000|  0%| F|  |TAMS 0x0000000082a00000, 0x0000000082a00000| Untracked 
|  21|0x0000000082b00000, 0x0000000082b529b8, 0x0000000082c00000| 32%| S|CS|TAMS 0x0000000082b00000, 0x0000000082b00000| Complete 
|  22|0x0000000082c00000, 0x0000000082c00000, 0x0000000082d00000|  0%| F|  |TAMS 0x0000000082c00000, 0x0000000082c00000| Untracked 
|  23|0x0000000082d00000, 0x0000000082d00000, 0x0000000082e00000|  0%| F|  |TAMS 0x0000000082d00000, 0x0000000082d00000| Untracked 
|  24|0x0000000082e00000, 0x0000000082e7f508, 0x0000000082f00000| 49%| E|  |TAMS 0x0000000082e00000, 0x0000000082e00000| Complete 
|  25|0x0000000082f00000, 0x0000000083000000, 0x0000000083000000|100%| E|CS|TAMS 0x0000000082f00000, 0x0000000082f00000| Complete 
|  26|0x0000000083000000, 0x0000000083100000, 0x0000000083100000|100%| E|  |TAMS 0x0000000083000000, 0x0000000083000000| Complete 
|  27|0x0000000083100000, 0x0000000083200000, 0x0000000083200000|100%| E|CS|TAMS 0x0000000083100000, 0x0000000083100000| Complete 
|  28|0x0000000083200000, 0x0000000083300000, 0x0000000083300000|100%| E|CS|TAMS 0x0000000083200000, 0x0000000083200000| Complete 
|  29|0x0000000083300000, 0x0000000083400000, 0x0000000083400000|100%| E|CS|TAMS 0x0000000083300000, 0x0000000083300000| Complete 
|  30|0x0000000083400000, 0x0000000083500000, 0x0000000083500000|100%| E|CS|TAMS 0x0000000083400000, 0x0000000083400000| Complete 
|  31|0x0000000083500000, 0x0000000083600000, 0x0000000083600000|100%| E|CS|TAMS 0x0000000083500000, 0x0000000083500000| Complete 
|  32|0x0000000083600000, 0x0000000083700000, 0x0000000083700000|100%| E|CS|TAMS 0x0000000083600000, 0x0000000083600000| Complete 
| 104|0x0000000087e00000, 0x0000000087f00000, 0x0000000087f00000|100%| E|CS|TAMS 0x0000000087e00000, 0x0000000087e00000| Complete 
| 105|0x0000000087f00000, 0x0000000088000000, 0x0000000088000000|100%| E|CS|TAMS 0x0000000087f00000, 0x0000000087f00000| Complete 
| 106|0x0000000088000000, 0x0000000088100000, 0x0000000088100000|100%| E|CS|TAMS 0x0000000088000000, 0x0000000088000000| Complete 
| 127|0x0000000089500000, 0x0000000089600000, 0x0000000089600000|100%| E|CS|TAMS 0x0000000089500000, 0x0000000089500000| Complete 

Card table byte_map: [0x00000194fcfb0000,0x00000194fd3b0000] _byte_map_base: 0x00000194fcba5000

Marking Bits (Prev, Next): (CMBitMap*) 0x00000194f8f11340, (CMBitMap*) 0x00000194f8f11300
 Prev Bits: [0x000001948f000000, 0x0000019490fa8000)
 Next Bits: [0x00000194fd7b0000, 0x00000194ff758000)

Polling page: 0x00000194f7670000

Metaspace:

Usage:
  Non-class:     27.57 MB used.
      Class:      3.40 MB used.
       Both:     30.97 MB used.

Virtual space:
  Non-class space:       32.00 MB reserved,      27.69 MB ( 87%) committed,  4 nodes.
      Class space:        1.00 GB reserved,       3.50 MB ( <1%) committed,  1 nodes.
             Both:        1.03 GB reserved,      31.19 MB (  3%) committed. 

Chunk freelists:
   Non-Class:  3.83 MB
       Class:  459.00 KB
        Both:  4.28 MB

MaxMetaspaceSize: unlimited
CompressedClassSpaceSize: 1.00 GB
Initial GC threshold: 21.00 MB
Current GC threshold: 35.25 MB
CDS: off
MetaspaceReclaimPolicy: balanced
 - commit_granule_bytes: 65536.
 - commit_granule_words: 8192.
 - virtual_space_node_default_size: 1048576.
 - enlarge_chunks_in_place: 1.
 - new_chunks_are_fully_committed: 0.
 - uncommit_free_chunks: 1.
 - use_allocation_guard: 0.
 - handle_deallocations: 1.


Internal statistics:

num_allocs_failed_limit: 3.
num_arena_births: 216.
num_arena_deaths: 0.
num_vsnodes_births: 5.
num_vsnodes_deaths: 0.
num_space_committed: 499.
num_space_uncommitted: 0.
num_chunks_returned_to_freelist: 3.
num_chunks_taken_from_freelist: 866.
num_chunk_merges: 3.
num_chunk_splits: 572.
num_chunks_enlarged: 437.
num_purges: 0.
num_inconsistent_stats: 0.

CodeHeap 'non-profiled nmethods': size=120000Kb used=1413Kb max_used=1413Kb free=118587Kb
 bounds [0x0000019487ad0000, 0x0000019487d40000, 0x000001948f000000]
CodeHeap 'profiled nmethods': size=120000Kb used=6038Kb max_used=6038Kb free=113962Kb
 bounds [0x00000194805a0000, 0x0000019480b90000, 0x0000019487ad0000]
CodeHeap 'non-nmethods': size=5760Kb used=1307Kb max_used=1352Kb free=4452Kb
 bounds [0x0000019480000000, 0x0000019480270000, 0x00000194805a0000]
 total_blobs=3652 nmethods=3100 adapters=464
 compilation: enabled
              stopped_count=0, restarted_count=0
 full_count=0

Compilation events (20 events):
Event: 42.189 Thread 0x0000019493820f60 3095       3       okhttp3.HttpUrl::percentDecode (74 bytes)
Event: 42.189 Thread 0x0000019493820f60 nmethod 3095 0x0000019480b80b10 code [0x0000019480b80d60, 0x0000019480b81818]
Event: 42.189 Thread 0x0000019493820f60 3093       1       org.openqa.selenium.remote.RemoteWebDriver::getElementConverter (5 bytes)
Event: 42.189 Thread 0x0000019493820f60 nmethod 3093 0x0000019487c30810 code [0x0000019487c309a0, 0x0000019487c30a78]
Event: 42.189 Thread 0x0000019493820f60 3094       1       org.openqa.selenium.remote.http.AbstractHttpCommandCodec$CommandSpec::access$100 (5 bytes)
Event: 42.189 Thread 0x0000019493820f60 nmethod 3094 0x0000019487c30b10 code [0x0000019487c30ca0, 0x0000019487c30d58]
Event: 42.194 Thread 0x0000019493820f60 3096       3       okhttp3.Headers::values (74 bytes)
Event: 42.194 Thread 0x0000019493820f60 nmethod 3096 0x0000019480b81c90 code [0x0000019480b81ec0, 0x0000019480b825b8]
Event: 42.194 Thread 0x0000019493820f60 3100       3       java.util.regex.Pattern::expr (142 bytes)
Event: 42.195 Thread 0x0000019493820f60 nmethod 3100 0x0000019480b82910 code [0x0000019480b82b60, 0x0000019480b836a8]
Event: 42.195 Thread 0x0000019493820f60 3097   !   3       org.openqa.selenium.remote.http.HttpMessage::getContent (151 bytes)
Event: 42.196 Thread 0x0000019493820f60 nmethod 3097 0x0000019480b83b10 code [0x0000019480b83d60, 0x0000019480b848e8]
Event: 42.196 Thread 0x0000019493820f60 3098       3       org.openqa.selenium.remote.http.HttpResponse::getHeader (6 bytes)
Event: 42.196 Thread 0x0000019493820f60 nmethod 3098 0x0000019480b84e10 code [0x0000019480b84fa0, 0x0000019480b850e8]
Event: 42.196 Thread 0x0000019493820f60 3099       1       org.openqa.selenium.remote.Response::setSessionId (6 bytes)
Event: 42.196 Thread 0x0000019493820f60 nmethod 3099 0x0000019487c30e10 code [0x0000019487c30fa0, 0x0000019487c310b8]
Event: 42.206 Thread 0x0000019493820f60 3101       3       org.openqa.selenium.json.JsonInput::beginObject (28 bytes)
Event: 42.206 Thread 0x0000019493820f60 nmethod 3101 0x0000019480b85190 code [0x0000019480b85360, 0x0000019480b85678]
Event: 63.372 Thread 0x000001949381e240 3102       4       java.lang.invoke.MethodTypeForm::canonicalize (74 bytes)
Event: 63.375 Thread 0x000001949381e240 nmethod 3102 0x0000019487c31110 code [0x0000019487c31280, 0x0000019487c31338]

GC Heap History (20 events):
Event: 1.390 GC heap before
{Heap before GC invocations=1 (full 0):
 garbage-first heap   total 131072K, used 17216K [0x0000000081600000, 0x0000000100000000)
  region size 1024K, 13 young (13312K), 2 survivors (2048K)
 Metaspace       used 15144K, committed 15296K, reserved 1064960K
  class space    used 1410K, committed 1472K, reserved 1048576K
}
Event: 1.394 GC heap after
{Heap after GC invocations=2 (full 0):
 garbage-first heap   total 131072K, used 8523K [0x0000000081600000, 0x0000000100000000)
  region size 1024K, 2 young (2048K), 2 survivors (2048K)
 Metaspace       used 15144K, committed 15296K, reserved 1064960K
  class space    used 1410K, committed 1472K, reserved 1048576K
}
Event: 2.128 GC heap before
{Heap before GC invocations=2 (full 0):
 garbage-first heap   total 131072K, used 26955K [0x0000000081600000, 0x0000000100000000)
  region size 1024K, 21 young (21504K), 2 survivors (2048K)
 Metaspace       used 21379K, committed 21504K, reserved 1073152K
  class space    used 2231K, committed 2304K, reserved 1048576K
}
Event: 2.132 GC heap after
{Heap after GC invocations=3 (full 0):
 garbage-first heap   total 131072K, used 9431K [0x0000000081600000, 0x0000000100000000)
  region size 1024K, 3 young (3072K), 3 survivors (3072K)
 Metaspace       used 21379K, committed 21504K, reserved 1073152K
  class space    used 2231K, committed 2304K, reserved 1048576K
}
Event: 2.653 GC heap before
{Heap before GC invocations=4 (full 0):
 garbage-first heap   total 37888K, used 27863K [0x0000000081600000, 0x0000000100000000)
  region size 1024K, 22 young (22528K), 3 survivors (3072K)
 Metaspace       used 24986K, committed 25280K, reserved 1073152K
  class space    used 2615K, committed 2752K, reserved 1048576K
}
Event: 2.660 GC heap after
{Heap after GC invocations=5 (full 0):
 garbage-first heap   total 37888K, used 12850K [0x0000000081600000, 0x0000000100000000)
  region size 1024K, 6 young (6144K), 6 survivors (6144K)
 Metaspace       used 24986K, committed 25280K, reserved 1073152K
  class space    used 2615K, committed 2752K, reserved 1048576K
}
Event: 3.458 GC heap before
{Heap before GC invocations=5 (full 0):
 garbage-first heap   total 37888K, used 23090K [0x0000000081600000, 0x0000000100000000)
  region size 1024K, 17 young (17408K), 6 survivors (6144K)
 Metaspace       used 28031K, committed 28224K, reserved 1081344K
  class space    used 3033K, committed 3136K, reserved 1048576K
}
Event: 3.465 GC heap after
{Heap after GC invocations=6 (full 0):
 garbage-first heap   total 37888K, used 14001K [0x0000000081600000, 0x0000000100000000)
  region size 1024K, 2 young (2048K), 2 survivors (2048K)
 Metaspace       used 28031K, committed 28224K, reserved 1081344K
  class space    used 3033K, committed 3136K, reserved 1048576K
}
Event: 14.104 GC heap before
{Heap before GC invocations=6 (full 0):
 garbage-first heap   total 37888K, used 23217K [0x0000000081600000, 0x0000000100000000)
  region size 1024K, 12 young (12288K), 2 survivors (2048K)
 Metaspace       used 30613K, committed 30848K, reserved 1081344K
  class space    used 3368K, committed 3456K, reserved 1048576K
}
Event: 14.107 GC heap after
{Heap after GC invocations=7 (full 0):
 garbage-first heap   total 37888K, used 14512K [0x0000000081600000, 0x0000000100000000)
  region size 1024K, 2 young (2048K), 2 survivors (2048K)
 Metaspace       used 30613K, committed 30848K, reserved 1081344K
  class space    used 3368K, committed 3456K, reserved 1048576K
}
Event: 15.385 GC heap before
{Heap before GC invocations=7 (full 0):
 garbage-first heap   total 37888K, used 24752K [0x0000000081600000, 0x0000000100000000)
  region size 1024K, 13 young (13312K), 2 survivors (2048K)
 Metaspace       used 31100K, committed 31360K, reserved 1081344K
  class space    used 3437K, committed 3584K, reserved 1048576K
}
Event: 15.388 GC heap after
{Heap after GC invocations=8 (full 0):
 garbage-first heap   total 37888K, used 14819K [0x0000000081600000, 0x0000000100000000)
  region size 1024K, 2 young (2048K), 2 survivors (2048K)
 Metaspace       used 31100K, committed 31360K, reserved 1081344K
  class space    used 3437K, committed 3584K, reserved 1048576K
}
Event: 17.017 GC heap before
{Heap before GC invocations=8 (full 0):
 garbage-first heap   total 37888K, used 25059K [0x0000000081600000, 0x0000000100000000)
  region size 1024K, 13 young (13312K), 2 survivors (2048K)
 Metaspace       used 31136K, committed 31360K, reserved 1081344K
  class space    used 3437K, committed 3584K, reserved 1048576K
}
Event: 17.019 GC heap after
{Heap after GC invocations=9 (full 0):
 garbage-first heap   total 37888K, used 14740K [0x0000000081600000, 0x0000000100000000)
  region size 1024K, 1 young (1024K), 1 survivors (1024K)
 Metaspace       used 31136K, committed 31360K, reserved 1081344K
  class space    used 3437K, committed 3584K, reserved 1048576K
}
Event: 18.401 GC heap before
{Heap before GC invocations=9 (full 0):
 garbage-first heap   total 37888K, used 28052K [0x0000000081600000, 0x0000000100000000)
  region size 1024K, 14 young (14336K), 1 survivors (1024K)
 Metaspace       used 31389K, committed 31616K, reserved 1081344K
  class space    used 3466K, committed 3584K, reserved 1048576K
}
Event: 18.403 GC heap after
{Heap after GC invocations=10 (full 0):
 garbage-first heap   total 37888K, used 14860K [0x0000000081600000, 0x0000000100000000)
  region size 1024K, 2 young (2048K), 2 survivors (2048K)
 Metaspace       used 31389K, committed 31616K, reserved 1081344K
  class space    used 3466K, committed 3584K, reserved 1048576K
}
Event: 32.526 GC heap before
{Heap before GC invocations=10 (full 0):
 garbage-first heap   total 37888K, used 28172K [0x0000000081600000, 0x0000000100000000)
  region size 1024K, 15 young (15360K), 2 survivors (2048K)
 Metaspace       used 31503K, committed 31744K, reserved 1081344K
  class space    used 3470K, committed 3584K, reserved 1048576K
}
Event: 32.528 GC heap after
{Heap after GC invocations=11 (full 0):
 garbage-first heap   total 37888K, used 14898K [0x0000000081600000, 0x0000000100000000)
  region size 1024K, 1 young (1024K), 1 survivors (1024K)
 Metaspace       used 31503K, committed 31744K, reserved 1081344K
  class space    used 3470K, committed 3584K, reserved 1048576K
}
Event: 36.977 GC heap before
{Heap before GC invocations=11 (full 0):
 garbage-first heap   total 37888K, used 28210K [0x0000000081600000, 0x0000000100000000)
  region size 1024K, 15 young (15360K), 1 survivors (1024K)
 Metaspace       used 31628K, committed 31872K, reserved 1081344K
  class space    used 3476K, committed 3584K, reserved 1048576K
}
Event: 36.979 GC heap after
{Heap after GC invocations=12 (full 0):
 garbage-first heap   total 37888K, used 14823K [0x0000000081600000, 0x0000000100000000)
  region size 1024K, 1 young (1024K), 1 survivors (1024K)
 Metaspace       used 31628K, committed 31872K, reserved 1081344K
  class space    used 3476K, committed 3584K, reserved 1048576K
}

Deoptimization events (20 events):
Event: 42.208 Thread 0x00000194f8eb70b0 DEOPT PACKING pc=0x0000019480a2d11c sp=0x000000477f1fca80
Event: 42.208 Thread 0x00000194f8eb70b0 DEOPT UNPACKING pc=0x0000019480052b43 sp=0x000000477f1fbfe0 mode 1
Event: 42.208 Thread 0x00000194f8eb70b0 DEOPT PACKING pc=0x0000019480a58d7c sp=0x000000477f1fc8f0
Event: 42.208 Thread 0x00000194f8eb70b0 DEOPT UNPACKING pc=0x0000019480052b43 sp=0x000000477f1fbe40 mode 1
Event: 42.208 Thread 0x00000194f8eb70b0 DEOPT PACKING pc=0x0000019480a2d11c sp=0x000000477f1fca00
Event: 42.208 Thread 0x00000194f8eb70b0 DEOPT UNPACKING pc=0x0000019480052b43 sp=0x000000477f1fbf60 mode 1
Event: 42.208 Thread 0x00000194f8eb70b0 DEOPT PACKING pc=0x0000019480a58d7c sp=0x000000477f1fc970
Event: 42.208 Thread 0x00000194f8eb70b0 DEOPT UNPACKING pc=0x0000019480052b43 sp=0x000000477f1fbec0 mode 1
Event: 42.208 Thread 0x00000194f8eb70b0 DEOPT PACKING pc=0x0000019480a2d11c sp=0x000000477f1fca80
Event: 42.208 Thread 0x00000194f8eb70b0 DEOPT UNPACKING pc=0x0000019480052b43 sp=0x000000477f1fbfe0 mode 1
Event: 42.208 Thread 0x00000194f8eb70b0 DEOPT PACKING pc=0x0000019480a58d7c sp=0x000000477f1fc8f0
Event: 42.208 Thread 0x00000194f8eb70b0 DEOPT UNPACKING pc=0x0000019480052b43 sp=0x000000477f1fbe40 mode 1
Event: 42.208 Thread 0x00000194f8eb70b0 DEOPT PACKING pc=0x0000019480a2d11c sp=0x000000477f1fca00
Event: 42.208 Thread 0x00000194f8eb70b0 DEOPT UNPACKING pc=0x0000019480052b43 sp=0x000000477f1fbf60 mode 1
Event: 42.210 Thread 0x00000194f8eb70b0 DEOPT PACKING pc=0x0000019480af38c4 sp=0x000000477f1fc5e0
Event: 42.210 Thread 0x00000194f8eb70b0 DEOPT UNPACKING pc=0x0000019480052b43 sp=0x000000477f1fbad0 mode 1
Event: 42.210 Thread 0x00000194f8eb70b0 DEOPT PACKING pc=0x0000019480b73a5c sp=0x000000477f1fc810
Event: 42.210 Thread 0x00000194f8eb70b0 DEOPT UNPACKING pc=0x0000019480052b43 sp=0x000000477f1fbcb8 mode 1
Event: 42.210 Thread 0x00000194f8eb70b0 DEOPT PACKING pc=0x0000019480b73664 sp=0x000000477f1fc870
Event: 42.210 Thread 0x00000194f8eb70b0 DEOPT UNPACKING pc=0x0000019480052b43 sp=0x000000477f1fbd38 mode 1

Classes unloaded (0 events):
No events

Classes redefined (0 events):
No events

Internal exceptions (20 events):
Event: 3.185 Thread 0x0000019494a73ee0 Exception <a 'java/net/ConnectException'{0x00000000833c8580}: Connection refused: no further information> (0x00000000833c8580) 
thrown [s\src\hotspot\share\prims\jni.cpp, line 535]
Event: 3.185 Thread 0x0000019494a73ee0 Exception <a 'java/net/SocketException'{0x00000000833c88b8}: Socket is not connected: shutdown> (0x00000000833c88b8) 
thrown [s\src\hotspot\share\prims\jni.cpp, line 535]
Event: 3.378 Thread 0x00000194f8eb70b0 Exception <a 'java/lang/NoSuchMethodError'{0x00000000832659b0}: 'java.lang.Object java.lang.invoke.DirectMethodHandle$Holder.invokeInterface(java.lang.Object, java.lang.Object, java.lang.Object)'> (0x00000000832659b0) 
thrown [s\src\hotspot\share\interpreter\linkResolver.cpp, line 759]
Event: 3.378 Thread 0x00000194f8eb70b0 Exception <a 'java/lang/IncompatibleClassChangeError'{0x0000000083269078}: Found class java.lang.Object, but interface was expected> (0x0000000083269078) 
thrown [s\src\hotspot\share\interpreter\linkResolver.cpp, line 826]
Event: 3.380 Thread 0x00000194f8eb70b0 Exception <a 'java/lang/NoSuchMethodError'{0x0000000083271860}: 'int java.lang.invoke.DirectMethodHandle$Holder.invokeSpecialIFC(java.lang.Object, java.lang.Object, java.lang.Object, java.lang.Object)'> (0x0000000083271860) 
thrown [s\src\hotspot\share\interpreter\linkResolver.cpp, line 759]
Event: 3.381 Thread 0x00000194f8eb70b0 Exception <a 'java/lang/NoSuchMethodError'{0x0000000083279f00}: 'java.lang.Object java.lang.invoke.DirectMethodHandle$Holder.invokeInterface(java.lang.Object, java.lang.Object, java.lang.Object, java.lang.Object)'> (0x0000000083279f00) 
thrown [s\src\hotspot\share\interpreter\linkResolver.cpp, line 759]
Event: 3.415 Thread 0x00000194f8eb70b0 Exception <a 'java/lang/NoSuchMethodError'{0x00000000831638b8}: 'double java.lang.invoke.DirectMethodHandle$Holder.invokeVirtual(java.lang.Object, java.lang.Object)'> (0x00000000831638b8) 
thrown [s\src\hotspot\share\interpreter\linkResolver.cpp, line 759]
Event: 3.417 Thread 0x00000194f8eb70b0 Exception <a 'java/lang/NoSuchMethodError'{0x000000008316a038}: 'float java.lang.invoke.DirectMethodHandle$Holder.invokeVirtual(java.lang.Object, java.lang.Object)'> (0x000000008316a038) 
thrown [s\src\hotspot\share\interpreter\linkResolver.cpp, line 759]
Event: 3.418 Thread 0x00000194f8eb70b0 Exception <a 'java/lang/NoSuchMethodError'{0x0000000083173810}: 'long java.lang.invoke.DirectMethodHandle$Holder.invokeVirtual(java.lang.Object, java.lang.Object)'> (0x0000000083173810) 
thrown [s\src\hotspot\share\interpreter\linkResolver.cpp, line 759]
Event: 3.451 Thread 0x00000194f8eb70b0 Exception <a 'java/lang/NoSuchMethodError'{0x00000000830bd550}: 'void java.lang.invoke.DirectMethodHandle$Holder.invokeSpecial(java.lang.Object, java.lang.Object, java.lang.Object, java.lang.Object, java.lang.Object)'> (0x00000000830bd550) 
thrown [s\src\hotspot\share\interpreter\linkResolver.cpp, line 759]
Event: 5.195 Thread 0x00000194f8eb70b0 Exception <a 'java/lang/NoSuchMethodError'{0x0000000083203c20}: 'java.lang.Object java.lang.invoke.DirectMethodHandle$Holder.invokeSpecialIFC(java.lang.Object, java.lang.Object, java.lang.Object)'> (0x0000000083203c20) 
thrown [s\src\hotspot\share\interpreter\linkResolver.cpp, line 759]
Event: 5.254 Thread 0x00000194f8eb70b0 Exception <a 'java/lang/ClassNotFoundException'{0x00000000832a0500}: sun/util/logging/resources/spi/loggingProvider> (0x00000000832a0500) 
thrown [s\src\hotspot\share\classfile\systemDictionary.cpp, line 256]
Event: 17.968 Thread 0x00000194f8eb70b0 Exception <a 'java/lang/NoSuchMethodError'{0x00000000834fe9f8}: 'void java.lang.invoke.DirectMethodHandle$Holder.invokeVirtual(java.lang.Object, java.lang.Object)'> (0x00000000834fe9f8) 
thrown [s\src\hotspot\share\interpreter\linkResolver.cpp, line 759]
Event: 17.972 Thread 0x00000194f8eb70b0 Exception <a 'java/lang/IncompatibleClassChangeError'{0x000000008331e4e8}: Found class java.lang.Object, but interface was expected> (0x000000008331e4e8) 
thrown [s\src\hotspot\share\interpreter\linkResolver.cpp, line 826]
Event: 17.972 Thread 0x00000194f8eb70b0 Exception <a 'java/lang/IncompatibleClassChangeError'{0x00000000833252d0}: Found class java.lang.Object, but interface was expected> (0x00000000833252d0) 
thrown [s\src\hotspot\share\interpreter\linkResolver.cpp, line 826]
Event: 17.972 Thread 0x00000194f8eb70b0 Exception <a 'java/lang/IncompatibleClassChangeError'{0x00000000833283b8}: Found class java.lang.Object, but interface was expected> (0x00000000833283b8) 
thrown [s\src\hotspot\share\interpreter\linkResolver.cpp, line 826]
Event: 17.973 Thread 0x00000194f8eb70b0 Exception <a 'java/lang/IncompatibleClassChangeError'{0x000000008332b4e8}: Found class java.lang.Object, but interface was expected> (0x000000008332b4e8) 
thrown [s\src\hotspot\share\interpreter\linkResolver.cpp, line 826]
Event: 18.423 Thread 0x00000194f8eb70b0 Exception <a 'java/lang/ClassCastException'{0x00000000880bda20}: class org.openqa.selenium.remote.RemoteWebElement cannot be cast to class org.openqa.selenium.JavascriptExecutor (org.openqa.selenium.remote.RemoteWebElement and org.openqa.selenium.JavascriptExecutor are in unnamed module of loader 'app')> (0x00000000880bda20) 
thrown [s\src\hotspot\share\interpreter\interpreterRuntime.cpp, line 444]
Event: 33.844 Thread 0x00000194f8eb70b0 Exception <a 'java/lang/ClassNotFoundException'{0x000000008803db40}: sun/misc/SharedSecrets> (0x000000008803db40) 
thrown [s\src\hotspot\share\classfile\systemDictionary.cpp, line 256]
Event: 33.846 Thread 0x00000194f8eb70b0 Exception <a 'java/lang/reflect/InvocationTargetException'{0x000000008804b728}> (0x000000008804b728) 
thrown [s\src\hotspot\share\runtime\reflection.cpp, line 1121]

VM Operations (20 events):
Event: 42.992 Executing VM operation: get/set locals done
Event: 42.993 Executing VM operation: get/set locals
Event: 42.993 Executing VM operation: get/set locals done
Event: 42.994 Executing VM operation: get/set locals
Event: 42.994 Executing VM operation: get/set locals done
Event: 42.996 Executing VM operation: get/set locals
Event: 42.996 Executing VM operation: get/set locals done
Event: 42.998 Executing VM operation: get/set locals
Event: 42.999 Executing VM operation: get/set locals done
Event: 43.002 Executing VM operation: get/set locals
Event: 43.003 Executing VM operation: get/set locals done
Event: 43.004 Executing VM operation: get/set locals
Event: 43.005 Executing VM operation: get/set locals done
Event: 43.006 Executing VM operation: get/set locals
Event: 43.006 Executing VM operation: get/set locals done
Event: 671.470 Executing VM operation: ChangeSingleStep
Event: 671.470 Executing VM operation: ChangeSingleStep done
Event: 671.471 Executing VM operation: ChangeSingleStep
Event: 671.471 Executing VM operation: ChangeSingleStep done
Event: 671.492 Executing VM operation: RedefineClasses

Events (20 events):
Event: 14.804 Thread 0x0000019495257d30 Thread exited: 0x0000019495257d30
Event: 17.794 loading class java/net/URLEncoder
Event: 17.794 loading class java/net/URLEncoder done
Event: 17.795 loading class java/io/CharArrayWriter
Event: 17.795 loading class java/io/CharArrayWriter done
Event: 17.967 loading class java/util/Collections$SynchronizedRandomAccessList
Event: 17.967 loading class java/util/Collections$SynchronizedList
Event: 17.967 loading class java/util/Collections$SynchronizedList done
Event: 17.967 loading class java/util/Collections$SynchronizedRandomAccessList done
Event: 33.844 loading class sun/misc/SharedSecrets
Event: 33.844 loading class sun/misc/SharedSecrets done
Event: 63.373 loading class java/util/IdentityHashMap$KeyIterator
Event: 63.373 loading class java/util/IdentityHashMap$IdentityHashMapIterator
Event: 63.374 loading class java/util/IdentityHashMap$IdentityHashMapIterator done
Event: 63.374 loading class java/util/IdentityHashMap$KeyIterator done
Event: 63.374 Thread 0x0000019494a73ee0 Thread exited: 0x0000019494a73ee0
Event: 63.528 Thread 0x0000019494cbadc0 Thread exited: 0x0000019494cbadc0
Event: 123.534 Thread 0x0000019494caff00 Thread exited: 0x0000019494caff00
Event: 183.537 Thread 0x0000019494cb03d0 Thread exited: 0x0000019494cb03d0
Event: 402.662 Thread 0x0000019494a743b0 Thread exited: 0x0000019494a743b0


Dynamic libraries:
0x00007ff7cd990000 - 0x00007ff7cd99e000 	C:\Users\shree\.p2\pool\plugins\org.eclipse.justj.openjdk.hotspot.jre.full.win32.x86_64_17.0.4.v20220805-1047\jre\bin\javaw.exe
0x00007fff71b50000 - 0x00007fff71d48000 	C:\Windows\SYSTEM32\ntdll.dll
0x00007fff715b0000 - 0x00007fff7166d000 	C:\Windows\System32\KERNEL32.DLL
0x00007fff6f270000 - 0x00007fff6f53e000 	C:\Windows\System32\KERNELBASE.dll
0x00007fff6f7a0000 - 0x00007fff6f8a0000 	C:\Windows\System32\ucrtbase.dll
0x00007fff655e0000 - 0x00007fff655f8000 	C:\Users\shree\.p2\pool\plugins\org.eclipse.justj.openjdk.hotspot.jre.full.win32.x86_64_17.0.4.v20220805-1047\jre\bin\jli.dll
0x00007fff70750000 - 0x00007fff708f0000 	C:\Windows\System32\USER32.dll
0x00007fff6fb80000 - 0x00007fff6fba2000 	C:\Windows\System32\win32u.dll
0x00007fff71850000 - 0x00007fff7187a000 	C:\Windows\System32\GDI32.dll
0x00007fff6f690000 - 0x00007fff6f79b000 	C:\Windows\System32\gdi32full.dll
0x00007fff6f8a0000 - 0x00007fff6f93d000 	C:\Windows\System32\msvcp_win.dll
0x00007fff67730000 - 0x00007fff67749000 	C:\Users\shree\.p2\pool\plugins\org.eclipse.justj.openjdk.hotspot.jre.full.win32.x86_64_17.0.4.v20220805-1047\jre\bin\VCRUNTIME140.dll
0x00007fff5c4b0000 - 0x00007fff5c74a000 	C:\Windows\WinSxS\amd64_microsoft.windows.common-controls_6595b64144ccf1df_6.0.19041.1110_none_60b5254171f9507e\COMCTL32.dll
0x00007fff6fd90000 - 0x00007fff6fe2e000 	C:\Windows\System32\msvcrt.dll
0x00007fff6fd60000 - 0x00007fff6fd90000 	C:\Windows\System32\IMM32.DLL
0x00000194f7690000 - 0x00000194f76a4000 	C:\Windows\System32\umppc15610.dll
0x00007fff6c930000 - 0x00007fff6c93c000 	C:\Users\shree\.p2\pool\plugins\org.eclipse.justj.openjdk.hotspot.jre.full.win32.x86_64_17.0.4.v20220805-1047\jre\bin\vcruntime140_1.dll
0x00007fff1b3e0000 - 0x00007fff1b471000 	C:\Users\shree\.p2\pool\plugins\org.eclipse.justj.openjdk.hotspot.jre.full.win32.x86_64_17.0.4.v20220805-1047\jre\bin\msvcp140.dll
0x00007ffef9840000 - 0x00007ffefa486000 	C:\Users\shree\.p2\pool\plugins\org.eclipse.justj.openjdk.hotspot.jre.full.win32.x86_64_17.0.4.v20220805-1047\jre\bin\server\jvm.dll
0x00007fff716d0000 - 0x00007fff7177e000 	C:\Windows\System32\ADVAPI32.dll
0x00007fff70690000 - 0x00007fff7072c000 	C:\Windows\System32\sechost.dll
0x00007fff70550000 - 0x00007fff70675000 	C:\Windows\System32\RPCRT4.dll
0x00007fff6fc40000 - 0x00007fff6fc48000 	C:\Windows\System32\PSAPI.DLL
0x00007fff6c890000 - 0x00007fff6c899000 	C:\Windows\SYSTEM32\WSOCK32.dll
0x00007fff708f0000 - 0x00007fff7095b000 	C:\Windows\System32\WS2_32.dll
0x00007fff5e8a0000 - 0x00007fff5e8c7000 	C:\Windows\SYSTEM32\WINMM.dll
0x00007fff603b0000 - 0x00007fff603ba000 	C:\Windows\SYSTEM32\VERSION.dll
0x00007fff6d130000 - 0x00007fff6d142000 	C:\Windows\SYSTEM32\kernel.appcore.dll
0x00007fff6c870000 - 0x00007fff6c87a000 	C:\Users\shree\.p2\pool\plugins\org.eclipse.justj.openjdk.hotspot.jre.full.win32.x86_64_17.0.4.v20220805-1047\jre\bin\jimage.dll
0x00007fff5e530000 - 0x00007fff5e714000 	C:\Windows\SYSTEM32\DBGHELP.DLL
0x00007fff5e2c0000 - 0x00007fff5e2ec000 	C:\Windows\SYSTEM32\dbgcore.DLL
0x00007fff6f940000 - 0x00007fff6f9c2000 	C:\Windows\System32\bcryptPrimitives.dll
0x00007fff56070000 - 0x00007fff560ab000 	C:\Users\shree\.p2\pool\plugins\org.eclipse.justj.openjdk.hotspot.jre.full.win32.x86_64_17.0.4.v20220805-1047\jre\bin\jdwp.dll
0x00007fff6c6a0000 - 0x00007fff6c6c5000 	C:\Users\shree\.p2\pool\plugins\org.eclipse.justj.openjdk.hotspot.jre.full.win32.x86_64_17.0.4.v20220805-1047\jre\bin\java.dll
0x00007fff65320000 - 0x00007fff65338000 	C:\Users\shree\.p2\pool\plugins\org.eclipse.justj.openjdk.hotspot.jre.full.win32.x86_64_17.0.4.v20220805-1047\jre\bin\zip.dll
0x00007fff70a50000 - 0x00007fff71194000 	C:\Windows\System32\SHELL32.dll
0x00007fff6d330000 - 0x00007fff6dac4000 	C:\Windows\SYSTEM32\windows.storage.dll
0x00007fff71250000 - 0x00007fff715a4000 	C:\Windows\System32\combase.dll
0x00007fff6ecd0000 - 0x00007fff6ed00000 	C:\Windows\SYSTEM32\Wldp.dll
0x00007fff711a0000 - 0x00007fff7124d000 	C:\Windows\System32\SHCORE.dll
0x00007fff6fd00000 - 0x00007fff6fd55000 	C:\Windows\System32\shlwapi.dll
0x00007fff6f1b0000 - 0x00007fff6f1cf000 	C:\Windows\SYSTEM32\profapi.dll
0x00007fff66020000 - 0x00007fff6602c000 	C:\Users\shree\.p2\pool\plugins\org.eclipse.justj.openjdk.hotspot.jre.full.win32.x86_64_17.0.4.v20220805-1047\jre\bin\dt_socket.dll
0x00007fff6e6d0000 - 0x00007fff6e70b000 	C:\Windows\SYSTEM32\IPHLPAPI.DLL
0x00007fff6ea30000 - 0x00007fff6ea9a000 	C:\Windows\system32\mswsock.dll
0x00007fff6e710000 - 0x00007fff6e7da000 	C:\Windows\SYSTEM32\DNSAPI.dll
0x00007fff70a40000 - 0x00007fff70a48000 	C:\Windows\System32\NSI.dll
0x00007fff66070000 - 0x00007fff6607a000 	C:\Windows\System32\rasadhlp.dll
0x00007fff660b0000 - 0x00007fff66130000 	C:\Windows\System32\fwpuclnt.dll
0x00007fff6f540000 - 0x00007fff6f567000 	C:\Windows\System32\bcrypt.dll
0x00007fff5ee90000 - 0x00007fff5eea9000 	C:\Users\shree\.p2\pool\plugins\org.eclipse.justj.openjdk.hotspot.jre.full.win32.x86_64_17.0.4.v20220805-1047\jre\bin\net.dll
0x00007fff66130000 - 0x00007fff6623a000 	C:\Windows\SYSTEM32\WINHTTP.dll
0x00007fff59ea0000 - 0x00007fff59eb5000 	C:\Users\shree\.p2\pool\plugins\org.eclipse.justj.openjdk.hotspot.jre.full.win32.x86_64_17.0.4.v20220805-1047\jre\bin\nio.dll
0x00007fff6c860000 - 0x00007fff6c870000 	C:\Users\shree\.p2\pool\plugins\org.eclipse.justj.openjdk.hotspot.jre.full.win32.x86_64_17.0.4.v20220805-1047\jre\bin\verify.dll
0x00007fff6ec30000 - 0x00007fff6ec48000 	C:\Windows\SYSTEM32\CRYPTSP.dll
0x00007fff6e340000 - 0x00007fff6e374000 	C:\Windows\system32\rsaenh.dll
0x00007fff6f170000 - 0x00007fff6f19e000 	C:\Windows\SYSTEM32\USERENV.dll
0x00007fff6ec20000 - 0x00007fff6ec2c000 	C:\Windows\SYSTEM32\CRYPTBASE.dll
0x00007fff67aa0000 - 0x00007fff67ab7000 	C:\Windows\SYSTEM32\dhcpcsvc6.DLL
0x00007fff67fc0000 - 0x00007fff67fdd000 	C:\Windows\SYSTEM32\dhcpcsvc.DLL
0x00007fff5e090000 - 0x00007fff5e0a7000 	C:\Windows\system32\napinsp.dll
0x00007fff5e0b0000 - 0x00007fff5e0cb000 	C:\Windows\system32\pnrpnsp.dll
0x00007fff5e0d0000 - 0x00007fff5e0e5000 	C:\Windows\system32\wshbth.dll
0x00007fff6c220000 - 0x00007fff6c23d000 	C:\Windows\system32\NLAapi.dll
0x00007fff5e0f0000 - 0x00007fff5e102000 	C:\Windows\System32\winrnr.dll
0x00007fff572c0000 - 0x00007fff572c9000 	C:\Users\shree\.p2\pool\plugins\org.eclipse.justj.openjdk.hotspot.jre.full.win32.x86_64_17.0.4.v20220805-1047\jre\bin\management.dll
0x00007fff565e0000 - 0x00007fff565eb000 	C:\Users\shree\.p2\pool\plugins\org.eclipse.justj.openjdk.hotspot.jre.full.win32.x86_64_17.0.4.v20220805-1047\jre\bin\management_ext.dll
0x00007fff65310000 - 0x00007fff6531e000 	C:\Users\shree\.p2\pool\plugins\org.eclipse.justj.openjdk.hotspot.jre.full.win32.x86_64_17.0.4.v20220805-1047\jre\bin\sunmscapi.dll
0x00007fff6fa20000 - 0x00007fff6fb76000 	C:\Windows\System32\CRYPT32.dll
0x00007fff6ed40000 - 0x00007fff6ed67000 	C:\Windows\SYSTEM32\ncrypt.dll
0x00007fff6ed00000 - 0x00007fff6ed3b000 	C:\Windows\SYSTEM32\NTASN1.dll

dbghelp: loaded successfully - version: 4.0.5 - missing functions: none
symbol engine: initialized successfully - sym options: 0x614 - pdb path: .;C:\Users\shree\.p2\pool\plugins\org.eclipse.justj.openjdk.hotspot.jre.full.win32.x86_64_17.0.4.v20220805-1047\jre\bin;C:\Windows\SYSTEM32;C:\Windows\WinSxS\amd64_microsoft.windows.common-controls_6595b64144ccf1df_6.0.19041.1110_none_60b5254171f9507e;C:\Users\shree\.p2\pool\plugins\org.eclipse.justj.openjdk.hotspot.jre.full.win32.x86_64_17.0.4.v20220805-1047\jre\bin\server

VM Arguments:
jvm_args: -XX:+ShowCodeDetailsInExceptionMessages -agentlib:jdwp=transport=dt_socket,suspend=y,address=localhost:49929 -ea -Denvironment=Dev -Dplatform=Local -Dmodule=Web -Dfile.encoding=UTF-8 
java_command: org.testng.remote.RemoteTestNG -serport 49928 -protocol json -d D:\User management SSO\UserManagement_SSO\test-output D:\User management SSO\UserManagement_SSO\src\test\resources\suites\Web.xml
java_class_path (initial): C:\Users\shree\eclipse\java-2022-06\eclipse\configuration\org.eclipse.osgi\431\0\.cp\lib\testng-remote.jar;D:\User management SSO\UserManagement_SSO\target\test-classes;D:\User management SSO\UserManagement_SSO\target\classes;D:\User management SSO\UserManagement_SSO\lib\panamax-framework-0.0.1.jar;C:\Users\shree\.m2\repository\org\seleniumhq\selenium\selenium-java\3.141.59\selenium-java-3.141.59.jar;C:\Users\shree\.m2\repository\org\seleniumhq\selenium\selenium-api\3.141.59\selenium-api-3.141.59.jar;C:\Users\shree\.m2\repository\org\seleniumhq\selenium\selenium-chrome-driver\3.141.59\selenium-chrome-driver-3.141.59.jar;C:\Users\shree\.m2\repository\org\seleniumhq\selenium\selenium-edge-driver\3.141.59\selenium-edge-driver-3.141.59.jar;C:\Users\shree\.m2\repository\org\seleniumhq\selenium\selenium-firefox-driver\3.141.59\selenium-firefox-driver-3.141.59.jar;C:\Users\shree\.m2\repository\org\seleniumhq\selenium\selenium-ie-driver\3.141.59\selenium-ie-driver-3.141.59.jar;C:\Users\shree\.m2\repository\org\seleniumhq\selenium\selenium-opera-driver\3.141.59\selenium-opera-driver-3.141.59.jar;C:\Users\shree\.m2\repository\org\seleniumhq\selenium\selenium-remote-driver\3.141.59\selenium-remote-driver-3.141.59.jar;C:\Users\shree\.m2\repository\org\seleniumhq\selenium\selenium-safari-driver\3.141.59\selenium-safari-driver-3.141.59.jar;C:\Users\shree\.m2\repository\org\seleniumhq\selenium\selenium-support\3.141.59\selenium-support-3.141.59.jar;C:\Users\shree\.m2\repository\net\bytebuddy\byte-buddy\1.8.15\byte-buddy-1.8.15.jar;C:\Users\shree\.m2\repository\org\apache\commons\commons-exec\1.3\commons-exec-1.3.jar;C:\Users\shree\.m2\repository\com\google\guava\guava\25.0-jre\guava-25.0-jre.jar;C:\Users\shree\.m2\repository\org\checkerframework\checker-compat-qual\2.0.0\checker-compat-qual-2.0.0.jar;C:\Users\shree\.m2\repository\com\google\errorprone\error_prone_annotations\2.1.3\error_prone_annotations-2.1.3.jar;C:\Users\shree\.m2\repository\com\goog
Launcher Type: SUN_STANDARD

[Global flags]
     intx CICompilerCount                          = 3                                         {product} {ergonomic}
     uint ConcGCThreads                            = 1                                         {product} {ergonomic}
     uint G1ConcRefinementThreads                  = 4                                         {product} {ergonomic}
   size_t G1HeapRegionSize                         = 1048576                                   {product} {ergonomic}
    uintx GCDrainStackTargetSize                   = 64                                        {product} {ergonomic}
   size_t InitialHeapSize                          = 134217728                                 {product} {ergonomic}
   size_t MarkStackSize                            = 4194304                                   {product} {ergonomic}
   size_t MaxHeapSize                              = 2124414976                                {product} {ergonomic}
   size_t MaxNewSize                               = 1274019840                                {product} {ergonomic}
   size_t MinHeapDeltaBytes                        = 1048576                                   {product} {ergonomic}
   size_t MinHeapSize                              = 8388608                                   {product} {ergonomic}
    uintx NonNMethodCodeHeapSize                   = 5832780                                {pd product} {ergonomic}
    uintx NonProfiledCodeHeapSize                  = 122912730                              {pd product} {ergonomic}
    uintx ProfiledCodeHeapSize                     = 122912730                              {pd product} {ergonomic}
    uintx ReservedCodeCacheSize                    = 251658240                              {pd product} {ergonomic}
     bool SegmentedCodeCache                       = true                                      {product} {ergonomic}
     bool ShowCodeDetailsInExceptionMessages       = true                                   {manageable} {command line}
   size_t SoftMaxHeapSize                          = 2124414976                             {manageable} {ergonomic}
     bool UseCompressedClassPointers               = true                           {product lp64_product} {ergonomic}
     bool UseCompressedOops                        = true                           {product lp64_product} {ergonomic}
     bool UseG1GC                                  = true                                      {product} {ergonomic}
     bool UseLargePagesIndividualAllocation        = false                                  {pd product} {ergonomic}

Logging:
Log output configuration:
 #0: stdout all=warning uptime,level,tags
 #1: stderr all=off uptime,level,tags

Environment Variables:
PATH=C:\Users\shree\.p2\pool\plugins\org.eclipse.justj.openjdk.hotspot.jre.full.win32.x86_64_17.0.4.v20220805-1047\jre\bin;C:/Users/shree/.p2/pool/plugins/org.eclipse.justj.openjdk.hotspot.jre.full.win32.x86_64_17.0.4.v20220805-1047/jre/bin/server;C:/Users/shree/.p2/pool/plugins/org.eclipse.justj.openjdk.hotspot.jre.full.win32.x86_64_17.0.4.v20220805-1047/jre/bin;C:\Program Files (x86)\Common Files\Oracle\Java\javapath;C:\Windows\system32;C:\Windows;C:\Windows\System32\Wbem;C:\Windows\System32\WindowsPowerShell\v1.0\;C:\Windows\System32\OpenSSH\;C:\Program Files\TortoiseGit\bin;C:\Program Files\TortoiseSVN\bin;C:\Program Files\Git\cmd;C:\Program Files\dotnet\;C:\Users\shree\AppData\Local\Microsoft\WindowsApps;;C:\Users\shree\AppData\Local\Programs\Microsoft VS Code\bin;C:\Windows\System32;
USERNAME=Vivek
OS=Windows_NT
PROCESSOR_IDENTIFIER=Intel64 Family 6 Model 60 Stepping 3, GenuineIntel
TMP=C:\Users\shree\AppData\Local\Temp
TEMP=C:\Users\shree\AppData\Local\Temp



---------------  S Y S T E M  ---------------

OS:
 Windows 10 , 64 bit Build 19041 (10.0.19041.1889)
OS uptime: 6 days 23:12 hours

CPU: total 4 (initial active 4) (2 cores per cpu, 2 threads per core) family 6 model 60 stepping 3 microcode 0x27, cx8, cmov, fxsr, ht, mmx, sse, sse2, sse3, ssse3, sse4.1, sse4.2, popcnt, lzcnt, tsc, tscinvbit, avx, avx2, aes, erms, clmul, bmi1, bmi2, fma, vzeroupper, clflush

Memory: 4k page, system-wide physical 8097M (1252M free)
TotalPageFile size 13039M (AvailPageFile size 2277M)
current process WorkingSet (physical memory assigned to process): 125M, peak: 146M
current process commit charge ("private bytes"): 148M, peak: 236M

vm_info: OpenJDK 64-Bit Server VM (17.0.4+8) for windows-amd64 JRE (17.0.4+8), built on Jul 19 2022 16:05:16 by "temurin" with MS VC++ 16.7 (VS2019)

END.
